0 info it worked if it ends with ok
1 verbose cli [ '/usr/bin/node', '/usr/bin/npm', 'install', 'ampq' ]
2 info using npm@1.4.28
3 info using node@v0.10.37
4 verbose node symlink /usr/bin/node
5 verbose readDependencies using package.json deps
6 verbose cache add [ 'ampq', null ]
7 verbose cache add name=undefined spec="ampq" args=["ampq",null]
8 verbose parsed url { protocol: null,
8 verbose parsed url   slashes: null,
8 verbose parsed url   auth: null,
8 verbose parsed url   host: null,
8 verbose parsed url   port: null,
8 verbose parsed url   hostname: null,
8 verbose parsed url   hash: null,
8 verbose parsed url   search: null,
8 verbose parsed url   query: null,
8 verbose parsed url   pathname: 'ampq',
8 verbose parsed url   path: 'ampq',
8 verbose parsed url   href: 'ampq' }
9 silly lockFile 03139cd6-ampq ampq
10 verbose lock ampq /home/ankil/.npm/03139cd6-ampq.lock
11 silly lockFile 03139cd6-ampq ampq
12 silly lockFile 03139cd6-ampq ampq
13 verbose addNamed [ 'ampq', '' ]
14 verbose addNamed [ null, '*' ]
15 silly lockFile 4ea7438b-ampq ampq@
16 verbose lock ampq@ /home/ankil/.npm/4ea7438b-ampq.lock
17 silly addNameRange { name: 'ampq', range: '*', hasData: false }
18 verbose request where is /ampq
19 verbose request registry https://registry.npmjs.org/
20 verbose request id 70eb86e66929e2d9
21 verbose url raw /ampq
22 verbose url resolving [ 'https://registry.npmjs.org/', './ampq' ]
23 verbose url resolved https://registry.npmjs.org/ampq
24 verbose request where is https://registry.npmjs.org/ampq
25 info trying registry request attempt 1 at 13:01:17
26 http GET https://registry.npmjs.org/ampq
27 http 404 https://registry.npmjs.org/ampq
28 silly registry.get cb [ 404,
28 silly registry.get   { 'content-type': 'application/json',
28 silly registry.get     'cache-control': 'max-age=0',
28 silly registry.get     'content-length': '2',
28 silly registry.get     'accept-ranges': 'bytes',
28 silly registry.get     date: 'Wed, 20 Apr 2016 20:01:23 GMT',
28 silly registry.get     via: '1.1 varnish',
28 silly registry.get     age: '0',
28 silly registry.get     connection: 'keep-alive',
28 silly registry.get     'x-served-by': 'cache-ord1737-ORD',
28 silly registry.get     'x-cache': 'MISS',
28 silly registry.get     'x-cache-hits': '0',
28 silly registry.get     'x-timer': 'S1461182483.463467,VS0,VE35',
28 silly registry.get     vary: 'Accept-Encoding' } ]
29 silly lockFile 4ea7438b-ampq ampq@
30 silly lockFile 4ea7438b-ampq ampq@
31 error 404 Not Found
31 error 404
31 error 404 'ampq' is not in the npm registry.
31 error 404 You should bug the author to publish it
31 error 404 It was specified as a dependency of 'AmazonFreshFarmersMarket-Client'
31 error 404
31 error 404 Note that you can also install from a
31 error 404 tarball, folder, or http url, or git url.
32 error System Linux 3.19.0-25-generic
33 error command "/usr/bin/node" "/usr/bin/npm" "install" "ampq"
34 error cwd /home/ankil/SPRING2016/Assignments/CMPE273/GroupProject/GitHub/Team-08-AmazonFreshFarmersMarket/AmazonFreshFarmersMarket-Client
35 error node -v v0.10.37
36 error npm -v 1.4.28
37 error code E404
38 verbose exit [ 1, true ]
